
Showing logs for build [32mcb-kubecd-environment-pr-182-80-d7r2b-1[0m stage [32mfrom-build-pack[0m and container [32mstep-credential-initializer-cqtfz[0m
{"level":"warn","ts":1584290626.5960002,"logger":"fallback-logger","caller":"logging/config.go:69","msg":"Fetch GitHub commit ID from kodata failed: \"ref: refs/heads/0.8.0-**-support-backwards-incompats\" is not a valid GitHub commit ID"}
{"level":"info","ts":1584290626.596842,"logger":"fallback-logger","caller":"creds-init/main.go:40","msg":"Credentials initialized."}

Showing logs for build [32mcb-kubecd-environment-pr-182-80-d7r2b-1[0m stage [32mfrom-build-pack[0m and container [32mstep-working-dir-initializer-l4qlk[0m
{"level":"warn","ts":1584290627.5634775,"logger":"fallback-logger","caller":"logging/config.go:69","msg":"Fetch GitHub commit ID from kodata failed: open /var/run/ko/HEAD: no such file or directory"}
{"level":"info","ts":1584290627.5661683,"logger":"fallback-logger","caller":"bash/main.go:64","msg":"Successfully executed command \"sh -c mkdir -p /workspace/source\"; output "}

Showing logs for build [32mcb-kubecd-environment-pr-182-80-d7r2b-1[0m stage [32mfrom-build-pack[0m and container [32mstep-place-tools[0m

Showing logs for build [32mcb-kubecd-environment-pr-182-80-d7r2b-1[0m stage [32mfrom-build-pack[0m and container [32mstep-git-source-cb-kubecd-environment-pr-182-80-d7r2b-nsmcn[0m
{"level":"warn","ts":1584290655.6677728,"logger":"fallback-logger","caller":"logging/config.go:69","msg":"Fetch GitHub commit ID from kodata failed: \"ref: refs/heads/0.8.0-**-support-backwards-incompats\" is not a valid GitHub commit ID"}
{"level":"info","ts":1584290656.7307146,"logger":"fallback-logger","caller":"git/git.go:103","msg":"Successfully cloned https://github.com/cb-kubecd/environment-pr-182-80-gke-upgrade-staging.git @ master in path /workspace/source"}

Showing logs for build [32mcb-kubecd-environment-pr-182-80-d7r2b-1[0m stage [32mfrom-build-pack[0m and container [32mstep-git-merge[0m
Using SHAs from PULL_REFS=master:7a63eafd1ae50b9b96b4035e5422eca35f5d698b,1:8cd8e18aa0e3f287d128b1e7f4100813fa35c2a1
DEBUG: LC_ALL=C JX_LOG_LEVEL=error git fetch origin --unshallow 8cd8e18aa0e3f287d128b1e7f4100813fa35c2a1: 7a63eafd1ae50b9b96b4035e5422eca35f5d698b:
DEBUG: ran git fetch --unshallow origin 8cd8e18aa0e3f287d128b1e7f4100813fa35c2a1: 7a63eafd1ae50b9b96b4035e5422eca35f5d698b: in 
DEBUG: LC_ALL=C JX_LOG_LEVEL=error git branch
DEBUG: LC_ALL=C JX_LOG_LEVEL=error git checkout master
DEBUG: ran git checkout master in 
DEBUG: LC_ALL=C JX_LOG_LEVEL=error git reset --hard 7a63eafd1ae50b9b96b4035e5422eca35f5d698b
DEBUG: ran git reset --hard 7a63eafd1ae50b9b96b4035e5422eca35f5d698b in 
DEBUG: LC_ALL=C JX_LOG_LEVEL=error git clean -fd .
DEBUG: ran clean --force -d . in 
DEBUG: JX_LOG_LEVEL=error LC_ALL=C git merge 8cd8e18aa0e3f287d128b1e7f4100813fa35c2a1
DEBUG: ran git merge 8cd8e18aa0e3f287d128b1e7f4100813fa35c2a1 in 
DEBUG: JX_LOG_LEVEL=error LC_ALL=C git log --format=%H%x1f%an%x1f%ae%x1f%cn%x1f%ce%x1f%s%n%b%x1e 7a63eafd1ae50b9b96b4035e5422eca35f5d698b..HEAD
Merged SHA 8cd8e18aa0e3f287d128b1e7f4100813fa35c2a1 with commit message 'chore: Promote bdd-spring-1584290293 to version 0.0.1' into base branch master

Showing logs for build [32mcb-kubecd-environment-pr-182-80-d7r2b-1[0m stage [32mfrom-build-pack[0m and container [32mstep-build-helm-build[0m
WARNING: No $CHART_REPOSITORY defined so using the default value of: http://jenkins-x-chartmuseum:8080
Adding missing Helm repo: storage.googleapis.com https://storage.googleapis.com/chartmuseum.jenkins-x.io
WARNING: No secrets found on "helm/repos" due: reading the secret "helm/repos" from vault: no secret "helm/repos" not found in vault
Read credentials for https://storage.googleapis.com/chartmuseum.jenkins-x.io from vault helm/repos
Successfully added Helm repository storage.googleapis.com.
Adding missing Helm repo: jenkins-x-chartmuseum http://jenkins-x-chartmuseum:8080
WARNING: No secrets found on "helm/repos" due: reading the secret "helm/repos" from vault: no secret "helm/repos" not found in vault
Read credentials for http://jenkins-x-chartmuseum:8080 from vault helm/repos
Successfully added Helm repository jenkins-x-chartmuseum.
WARNING: No $CHART_REPOSITORY defined so using the default value of: http://jenkins-x-chartmuseum:8080
Adding missing Helm repo: chartmuseum.jenkins-x.io http://chartmuseum.jenkins-x.io
WARNING: No secrets found on "helm/repos" due: reading the secret "helm/repos" from vault: no secret "helm/repos" not found in vault
Read credentials for http://chartmuseum.jenkins-x.io from vault helm/repos
Successfully added Helm repository chartmuseum.jenkins-x.io.
